TN:
SF:src\undo-anything.js
FN:9,showToast
FN:35,(anonymous_1)
FN:43,(anonymous_2)
FN:45,(anonymous_3)
FN:47,(anonymous_4)
FN:50,(anonymous_5)
FN:69,push
FN:86,undo
FN:99,(anonymous_8)
FN:105,redo
FN:124,clear
FN:131,history
FN:140,initShortcuts
FN:144,(anonymous_13)
FN:181,watch
FN:206,(anonymous_15)
FN:209,(anonymous_16)
FN:211,(anonymous_17)
FN:219,(anonymous_18)
FN:226,(anonymous_19)
FN:231,(anonymous_20)
FN:237,(anonymous_21)
FN:238,(anonymous_22)
FN:261,(anonymous_23)
FN:265,(anonymous_24)
FN:285,(anonymous_25)
FN:288,(anonymous_26)
FN:290,(anonymous_27)
FN:299,(anonymous_28)
FN:300,(anonymous_29)
FN:317,unwatch
FN:327,(anonymous_31)
FNF:32
FNH:15
FNDA:1,showToast
FNDA:0,(anonymous_1)
FNDA:1,(anonymous_2)
FNDA:0,(anonymous_3)
FNDA:0,(anonymous_4)
FNDA:0,(anonymous_5)
FNDA:86,push
FNDA:17,undo
FNDA:0,(anonymous_8)
FNDA:7,redo
FNDA:25,clear
FNDA:18,history
FNDA:0,initShortcuts
FNDA:0,(anonymous_13)
FNDA:6,watch
FNDA:6,(anonymous_15)
FNDA:6,(anonymous_16)
FNDA:3,(anonymous_17)
FNDA:1,(anonymous_18)
FNDA:0,(anonymous_19)
FNDA:3,(anonymous_20)
FNDA:1,(anonymous_21)
FNDA:0,(anonymous_22)
FNDA:0,(anonymous_23)
FNDA:0,(anonymous_24)
FNDA:0,(anonymous_25)
FNDA:0,(anonymous_26)
FNDA:0,(anonymous_27)
FNDA:0,(anonymous_28)
FNDA:0,(anonymous_29)
FNDA:5,unwatch
FNDA:0,(anonymous_31)
DA:10,1
DA:11,1
DA:13,1
DA:14,1
DA:15,1
DA:24,1
DA:25,1
DA:26,1
DA:28,1
DA:29,1
DA:30,1
DA:31,1
DA:35,1
DA:36,0
DA:37,0
DA:39,1
DA:42,1
DA:43,1
DA:45,1
DA:46,0
DA:47,0
DA:50,1
DA:55,1
DA:56,1
DA:57,1
DA:58,1
DA:70,86
DA:71,86
DA:72,1
DA:73,1
DA:76,85
DA:77,85
DA:79,85
DA:80,10
DA:87,17
DA:89,16
DA:90,16
DA:92,16
DA:93,16
DA:94,16
DA:96,16
DA:98,16
DA:99,1
DA:106,7
DA:108,6
DA:109,6
DA:111,6
DA:112,6
DA:113,6
DA:115,6
DA:117,6
DA:118,0
DA:125,25
DA:126,25
DA:132,18
DA:137,1
DA:138,1
DA:141,0
DA:142,0
DA:144,0
DA:145,0
DA:146,0
DA:147,0
DA:149,0
DA:152,0
DA:153,0
DA:154,0
DA:155,0
DA:159,0
DA:160,0
DA:161,0
DA:162,0
DA:169,1
DA:182,6
DA:186,6
DA:187,1
DA:188,1
DA:191,5
DA:200,5
DA:201,5
DA:203,5
DA:206,5
DA:207,6
DA:209,6
DA:211,6
DA:212,3
DA:214,3
DA:215,3
DA:217,3
DA:220,1
DA:221,0
DA:223,1
DA:226,0
DA:231,6
DA:232,3
DA:233,3
DA:235,3
DA:237,1
DA:239,0
DA:240,0
DA:241,0
DA:242,0
DA:244,0
DA:251,6
DA:252,0
DA:253,0
DA:254,0
DA:255,0
DA:257,0
DA:259,0
DA:262,0
DA:263,0
DA:266,0
DA:267,0
DA:274,5
DA:283,5
DA:285,5
DA:286,0
DA:288,0
DA:290,0
DA:291,0
DA:292,0
DA:294,0
DA:295,0
DA:297,0
DA:299,0
DA:300,0
DA:303,0
DA:306,0
DA:307,0
DA:308,0
DA:311,5
DA:312,5
DA:318,5
DA:322,5
DA:324,5
DA:325,5
DA:327,5
DA:328,0
DA:329,0
DA:332,5
DA:337,1
LF:142
LH:89
BRDA:11,0,0,0
BRDA:11,0,1,1
BRDA:28,1,0,1
BRDA:28,1,1,0
BRDA:70,2,0,0
BRDA:70,2,1,86
BRDA:71,3,0,1
BRDA:71,3,1,85
BRDA:71,4,0,86
BRDA:71,4,1,86
BRDA:79,5,0,10
BRDA:79,5,1,75
BRDA:86,6,0,1
BRDA:87,7,0,1
BRDA:87,7,1,16
BRDA:96,8,0,1
BRDA:96,8,1,15
BRDA:98,9,0,1
BRDA:98,9,1,15
BRDA:99,10,0,1
BRDA:99,10,1,0
BRDA:105,11,0,0
BRDA:106,12,0,1
BRDA:106,12,1,6
BRDA:112,13,0,6
BRDA:112,13,1,0
BRDA:115,14,0,1
BRDA:115,14,1,5
BRDA:117,15,0,0
BRDA:117,15,1,6
BRDA:118,16,0,0
BRDA:118,16,1,0
BRDA:141,17,0,0
BRDA:141,17,1,0
BRDA:146,18,0,0
BRDA:146,18,1,0
BRDA:149,19,0,0
BRDA:149,19,1,0
BRDA:152,20,0,0
BRDA:152,20,1,0
BRDA:152,21,0,0
BRDA:152,21,1,0
BRDA:153,22,0,0
BRDA:153,22,1,0
BRDA:159,23,0,0
BRDA:159,23,1,0
BRDA:159,24,0,0
BRDA:159,24,1,0
BRDA:159,24,2,0
BRDA:160,25,0,0
BRDA:160,25,1,0
BRDA:181,26,0,1
BRDA:182,27,0,6
BRDA:182,27,1,0
BRDA:186,28,0,1
BRDA:186,28,1,5
BRDA:203,29,0,0
BRDA:203,29,1,5
BRDA:207,30,0,0
BRDA:207,30,1,6
BRDA:212,31,0,0
BRDA:212,31,1,3
BRDA:218,32,0,3
BRDA:218,32,1,0
BRDA:220,33,0,0
BRDA:220,33,1,1
BRDA:220,34,0,1
BRDA:220,34,1,0
BRDA:232,35,0,0
BRDA:232,35,1,3
BRDA:233,36,0,0
BRDA:233,36,1,3
BRDA:236,37,0,2
BRDA:236,37,1,1
BRDA:241,38,0,0
BRDA:241,38,1,0
BRDA:241,39,0,0
BRDA:241,39,1,0
BRDA:251,40,0,0
BRDA:251,40,1,6
BRDA:257,41,0,0
BRDA:257,41,1,0
BRDA:262,42,0,0
BRDA:262,42,1,0
BRDA:266,43,0,0
BRDA:266,43,1,0
BRDA:292,44,0,0
BRDA:292,44,1,0
BRDA:298,45,0,0
BRDA:298,45,1,0
BRDA:298,45,2,0
BRDA:318,46,0,0
BRDA:318,46,1,5
BRDA:322,47,0,0
BRDA:322,47,1,5
BRDA:322,48,0,5
BRDA:322,48,1,5
BRF:97
BRH:42
end_of_record
